# JRE version: Java(TM) SE Runtime Environment (7.0_45-b18) (build 1.7.0_45-b18)
# Java VM: Java HotSpot(TM) 64-Bit Server VM (24.45-b08 mixed mode windows-amd64 compressed oops)
Heap
 PSYoungGen      total 38400K, used 17680K [0x00000007d5b00000, 0x00000007d8580000, 0x0000000800000000)
  eden space 33280K, 37% used [0x00000007d5b00000,0x00000007d6744f50,0x00000007d7b80000)
  from space 5120K, 99% used [0x00000007d8080000,0x00000007d857f1e0,0x00000007d8580000)
  to   space 5120K, 0% used [0x00000007d7b80000,0x00000007d7b80000,0x00000007d8080000)
 ParOldGen       total 86528K, used 5790K [0x0000000781200000, 0x0000000786680000, 0x00000007d5b00000)
  object space 86528K, 6% used [0x0000000781200000,0x00000007817a7800,0x0000000786680000)
 PSPermGen       total 21504K, used 5005K [0x000000077c000000, 0x000000077d500000, 0x0000000781200000)
  object space 21504K, 23% used [0x000000077c000000,0x000000077c4e3750,0x000000077d500000)
GC Heap History (4 events):
Event: 0.463 GC heap before
{Heap before GC invocations=1 (full 0):
 PSYoungGen      total 38400K, used 33280K [0x00000007d5b00000, 0x00000007d8580000, 0x0000000800000000)
  eden space 33280K, 100% used [0x00000007d5b00000,0x00000007d7b80000,0x00000007d7b80000)
  from space 5120K, 0% used [0x00000007d8080000,0x00000007d8080000,0x00000007d8580000)
  to   space 5120K, 0% used [0x00000007d7b80000,0x00000007d7b80000,0x00000007d8080000)
 ParOldGen       total 86528K, used 0K [0x0000000781200000, 0x0000000786680000, 0x00000007d5b00000)
  object space 86528K, 0% used [0x0000000781200000,0x0000000781200000,0x0000000786680000)
 PSPermGen       total 21504K, used 4695K [0x000000077c000000, 0x000000077d500000, 0x0000000781200000)
  object space 21504K, 21% used [0x000000077c000000,0x000000077c495ca8,0x000000077d500000)
Event: 0.467 GC heap after
Heap after GC invocations=1 (full 0):
 PSYoungGen      total 38400K, used 5109K [0x00000007d5b00000, 0x00000007d8580000, 0x0000000800000000)
  eden space 33280K, 0% used [0x00000007d5b00000,0x00000007d5b00000,0x00000007d7b80000)
  from space 5120K, 99% used [0x00000007d7b80000,0x00000007d807d450,0x00000007d8080000)
  to   space 5120K, 0% used [0x00000007d8080000,0x00000007d8080000,0x00000007d8580000)
 ParOldGen       total 86528K, used 2151K [0x0000000781200000, 0x0000000786680000, 0x00000007d5b00000)
  object space 86528K, 2% used [0x0000000781200000,0x0000000781419c00,0x0000000786680000)
 PSPermGen       total 21504K, used 4695K [0x000000077c000000, 0x000000077d500000, 0x0000000781200000)
  object space 21504K, 21% used [0x000000077c000000,0x000000077c495ca8,0x000000077d500000)
}
Event: 0.553 GC heap before
{Heap before GC invocations=2 (full 0):
 PSYoungGen      total 38400K, used 38389K [0x00000007d5b00000, 0x00000007d8580000, 0x0000000800000000)
  eden space 33280K, 100% used [0x00000007d5b00000,0x00000007d7b80000,0x00000007d7b80000)
  from space 5120K, 99% used [0x00000007d7b80000,0x00000007d807d450,0x00000007d8080000)
  to   space 5120K, 0% used [0x00000007d8080000,0x00000007d8080000,0x00000007d8580000)
 ParOldGen       total 86528K, used 2151K [0x0000000781200000, 0x0000000786680000, 0x00000007d5b00000)
  object space 86528K, 2% used [0x0000000781200000,0x0000000781419c00,0x0000000786680000)
 PSPermGen       total 21504K, used 4701K [0x000000077c000000, 0x000000077d500000, 0x0000000781200000)
  object space 21504K, 21% used [0x000000077c000000,0x000000077c497500,0x000000077d500000)
Event: 0.559 GC heap after
Heap after GC invocations=2 (full 0):
 PSYoungGen      total 38400K, used 5116K [0x00000007d5b00000, 0x00000007d8580000, 0x0000000800000000)
  eden space 33280K, 0% used [0x00000007d5b00000,0x00000007d5b00000,0x00000007d7b80000)
  from space 5120K, 99% used [0x00000007d8080000,0x00000007d857f1e0,0x00000007d8580000)
  to   space 5120K, 0% used [0x00000007d7b80000,0x00000007d7b80000,0x00000007d8080000)
 ParOldGen       total 86528K, used 5790K [0x0000000781200000, 0x0000000786680000, 0x00000007d5b00000)
  object space 86528K, 6% used [0x0000000781200000,0x00000007817a7800,0x0000000786680000)
 PSPermGen       total 21504K, used 4701K [0x000000077c000000, 0x000000077d500000, 0x0000000781200000)
  object space 21504K, 21% used [0x000000077c000000,0x000000077c497500,0x000000077d500000)
}

