# JRE version: Java(TM) SE Runtime Environment (7.0_45-b18) (build 1.7.0_45-b18)
# Java VM: Java HotSpot(TM) 64-Bit Server VM (24.45-b08 mixed mode windows-amd64 compressed oops)
Heap
 PSYoungGen      total 71680K, used 24974K [0x00000007d5b00000, 0x00000007da600000, 0x0000000800000000)
  eden space 66560K, 29% used [0x00000007d5b00000,0x00000007d6e6b920,0x00000007d9c00000)
  from space 5120K, 99% used [0x00000007da100000,0x00000007da5f8170,0x00000007da600000)
  to   space 5120K, 0% used [0x00000007d9c00000,0x00000007d9c00000,0x00000007da100000)
 ParOldGen       total 86528K, used 5837K [0x0000000781200000, 0x0000000786680000, 0x00000007d5b00000)
  object space 86528K, 6% used [0x0000000781200000,0x00000007817b34d0,0x0000000786680000)
 PSPermGen       total 21504K, used 5262K [0x000000077c000000, 0x000000077d500000, 0x0000000781200000)
  object space 21504K, 24% used [0x000000077c000000,0x000000077c523a90,0x000000077d500000)
GC Heap History (4 events):
Event: 0.412 GC heap before
{Heap before GC invocations=1 (full 0):
 PSYoungGen      total 38400K, used 33280K [0x00000007d5b00000, 0x00000007d8580000, 0x0000000800000000)
  eden space 33280K, 100% used [0x00000007d5b00000,0x00000007d7b80000,0x00000007d7b80000)
  from space 5120K, 0% used [0x00000007d8080000,0x00000007d8080000,0x00000007d8580000)
  to   space 5120K, 0% used [0x00000007d7b80000,0x00000007d7b80000,0x00000007d8080000)
 ParOldGen       total 86528K, used 0K [0x0000000781200000, 0x0000000786680000, 0x00000007d5b00000)
  object space 86528K, 0% used [0x0000000781200000,0x0000000781200000,0x0000000786680000)
 PSPermGen       total 21504K, used 4695K [0x000000077c000000, 0x000000077d500000, 0x0000000781200000)
  object space 21504K, 21% used [0x000000077c000000,0x000000077c495ce8,0x000000077d500000)
Event: 0.417 GC heap after
Heap after GC invocations=1 (full 0):
 PSYoungGen      total 38400K, used 5106K [0x00000007d5b00000, 0x00000007da600000, 0x0000000800000000)
  eden space 33280K, 0% used [0x00000007d5b00000,0x00000007d5b00000,0x00000007d7b80000)
  from space 5120K, 99% used [0x00000007d7b80000,0x00000007d807cb68,0x00000007d8080000)
  to   space 5120K, 0% used [0x00000007da100000,0x00000007da100000,0x00000007da600000)
 ParOldGen       total 86528K, used 2246K [0x0000000781200000, 0x0000000786680000, 0x00000007d5b00000)
  object space 86528K, 2% used [0x0000000781200000,0x0000000781431870,0x0000000786680000)
 PSPermGen       total 21504K, used 4695K [0x000000077c000000, 0x000000077d500000, 0x0000000781200000)
  object space 21504K, 21% used [0x000000077c000000,0x000000077c495ce8,0x000000077d500000)
}
Event: 0.497 GC heap before
{Heap before GC invocations=2 (full 0):
 PSYoungGen      total 38400K, used 38386K [0x00000007d5b00000, 0x00000007da600000, 0x0000000800000000)
  eden space 33280K, 100% used [0x00000007d5b00000,0x00000007d7b80000,0x00000007d7b80000)
  from space 5120K, 99% used [0x00000007d7b80000,0x00000007d807cb68,0x00000007d8080000)
  to   space 5120K, 0% used [0x00000007da100000,0x00000007da100000,0x00000007da600000)
 ParOldGen       total 86528K, used 2246K [0x0000000781200000, 0x0000000786680000, 0x00000007d5b00000)
  object space 86528K, 2% used [0x0000000781200000,0x0000000781431870,0x0000000786680000)
 PSPermGen       total 21504K, used 4701K [0x000000077c000000, 0x000000077d500000, 0x0000000781200000)
  object space 21504K, 21% used [0x000000077c000000,0x000000077c497540,0x000000077d500000)
Event: 0.503 GC heap after
Heap after GC invocations=2 (full 0):
 PSYoungGen      total 71680K, used 5088K [0x00000007d5b00000, 0x00000007da600000, 0x0000000800000000)
  eden space 66560K, 0% used [0x00000007d5b00000,0x00000007d5b00000,0x00000007d9c00000)
  from space 5120K, 99% used [0x00000007da100000,0x00000007da5f8170,0x00000007da600000)
  to   space 5120K, 0% used [0x00000007d9c00000,0x00000007d9c00000,0x00000007da100000)
 ParOldGen       total 86528K, used 5837K [0x0000000781200000, 0x0000000786680000, 0x00000007d5b00000)
  object space 86528K, 6% used [0x0000000781200000,0x00000007817b34d0,0x0000000786680000)
 PSPermGen       total 21504K, used 4701K [0x000000077c000000, 0x000000077d500000, 0x0000000781200000)
  object space 21504K, 21% used [0x000000077c000000,0x000000077c497540,0x000000077d500000)
}

